<?xml version="1.0" encoding="UTF-8"?>
<testng-results ignored="0" total="0" passed="0" failed="0" skipped="0">
  <reporter-output>
  </reporter-output>
  <suite started-at="2022-01-09T22:16:59 IST" name="project.assigment.AppTest" finished-at="2022-01-09T22:16:59 IST" duration-ms="6">
    <groups>
    </groups>
    <test started-at="2022-01-09T22:16:59 IST" name="Command line test" finished-at="2022-01-09T22:16:59 IST" duration-ms="6">
    </test> <!-- Command line test -->
  </suite> <!-- project.assigment.AppTest -->
</testng-results>
